2023-10-17 15:23:35 [background-preinit] INFO  o.h.validator.internal.util.Version - HV000001: Hibernate Validator 8.0.1.Final
2023-10-17 15:23:35 [main] INFO  c.h.m.config.server.ConfigServer - Starting ConfigServer using Java 17.0.8.1 with PID 6510 (/Users/veljko/Documents/Projects/microservices-demo/config-server/target/classes started by veljko in /Users/veljko/Documents/Projects/microservices-demo)
2023-10-17 15:23:35 [main] INFO  c.h.m.config.server.ConfigServer - No active profile set, falling back to 1 default profile: "default"
2023-10-17 15:23:36 [main] INFO  o.s.cloud.context.scope.GenericScope - BeanFactory id=4b60b8cf-0fea-31bb-bba3-c7d013c8df50
2023-10-17 15:23:36 [main] INFO  o.s.b.w.e.tomcat.TomcatWebServer - Tomcat initialized with port(s): 8888 (http)
2023-10-17 15:23:36 [main] INFO  o.a.coyote.http11.Http11NioProtocol - Initializing ProtocolHandler ["http-nio-8888"]
2023-10-17 15:23:36 [main] INFO  o.a.catalina.core.StandardService - Starting service [Tomcat]
2023-10-17 15:23:36 [main] INFO  o.a.catalina.core.StandardEngine - Starting Servlet engine: [Apache Tomcat/10.1.11]
2023-10-17 15:23:36 [main] INFO  o.a.c.c.C.[Tomcat].[localhost].[/] - Initializing Spring embedded WebApplicationContext
2023-10-17 15:23:36 [main] INFO  o.s.b.w.s.c.ServletWebServerApplicationContext - Root WebApplicationContext: initialization completed in 1270 ms
2023-10-17 15:23:39 [main] INFO  o.a.coyote.http11.Http11NioProtocol - Starting ProtocolHandler ["http-nio-8888"]
2023-10-17 15:23:39 [main] INFO  o.s.b.w.e.tomcat.TomcatWebServer - Tomcat started on port(s): 8888 (http) with context path ''
2023-10-17 15:23:39 [main] INFO  c.h.m.config.server.ConfigServer - Started ConfigServer in 4.31 seconds (process running for 10.185)
2023-10-17 15:23:41 [http-nio-8888-exec-3] INFO  o.a.c.c.C.[Tomcat].[localhost].[/] - Initializing Spring DispatcherServlet 'dispatcherServlet'
2023-10-17 15:23:41 [http-nio-8888-exec-3] INFO  o.s.web.servlet.DispatcherServlet - Initializing Servlet 'dispatcherServlet'
2023-10-17 15:23:41 [http-nio-8888-exec-3] INFO  o.s.web.servlet.DispatcherServlet - Completed initialization in 2 ms
2023-10-17 15:23:43 [http-nio-8888-exec-3] INFO  o.s.c.c.s.e.NativeEnvironmentRepository - Adding property source: Config resource 'file [/var/folders/gx/jx6hg1ms0_g5fvvhy_k4d1b80000gn/T/config-repo-4491183111609614515/config-client.yml]' via location 'file:/var/folders/gx/jx6hg1ms0_g5fvvhy_k4d1b80000gn/T/config-repo-4491183111609614515/'
2023-10-17 15:23:44 [http-nio-8888-exec-1] INFO  o.s.c.c.s.e.NativeEnvironmentRepository - Adding property source: Config resource 'file [/var/folders/gx/jx6hg1ms0_g5fvvhy_k4d1b80000gn/T/config-repo-4491183111609614515/config-client-twitter_to_kafka.yml]' via location 'file:/var/folders/gx/jx6hg1ms0_g5fvvhy_k4d1b80000gn/T/config-repo-4491183111609614515/'
2023-10-17 15:23:44 [http-nio-8888-exec-1] INFO  o.s.c.c.s.e.NativeEnvironmentRepository - Adding property source: Config resource 'file [/var/folders/gx/jx6hg1ms0_g5fvvhy_k4d1b80000gn/T/config-repo-4491183111609614515/config-client.yml]' via location 'file:/var/folders/gx/jx6hg1ms0_g5fvvhy_k4d1b80000gn/T/config-repo-4491183111609614515/'
2023-10-17 15:23:48 [http-nio-8888-exec-4] INFO  o.s.c.c.s.e.NativeEnvironmentRepository - Adding property source: Config resource 'file [/var/folders/gx/jx6hg1ms0_g5fvvhy_k4d1b80000gn/T/config-repo-4491183111609614515/config-client.yml]' via location 'file:/var/folders/gx/jx6hg1ms0_g5fvvhy_k4d1b80000gn/T/config-repo-4491183111609614515/'
2023-10-17 15:23:49 [http-nio-8888-exec-2] INFO  o.s.c.c.s.e.NativeEnvironmentRepository - Adding property source: Config resource 'file [/var/folders/gx/jx6hg1ms0_g5fvvhy_k4d1b80000gn/T/config-repo-4491183111609614515/config-client-kafka_to_elastic.yml]' via location 'file:/var/folders/gx/jx6hg1ms0_g5fvvhy_k4d1b80000gn/T/config-repo-4491183111609614515/'
2023-10-17 15:23:49 [http-nio-8888-exec-2] INFO  o.s.c.c.s.e.NativeEnvironmentRepository - Adding property source: Config resource 'file [/var/folders/gx/jx6hg1ms0_g5fvvhy_k4d1b80000gn/T/config-repo-4491183111609614515/config-client.yml]' via location 'file:/var/folders/gx/jx6hg1ms0_g5fvvhy_k4d1b80000gn/T/config-repo-4491183111609614515/'
2023-10-17 15:26:02 [background-preinit] INFO  o.h.validator.internal.util.Version - HV000001: Hibernate Validator 8.0.1.Final
2023-10-17 15:26:02 [main] INFO  c.h.m.config.server.ConfigServer - Starting ConfigServer using Java 17.0.8.1 with PID 6621 (/Users/veljko/Documents/Projects/microservices-demo/config-server/target/classes started by veljko in /Users/veljko/Documents/Projects/microservices-demo)
2023-10-17 15:26:02 [main] INFO  c.h.m.config.server.ConfigServer - No active profile set, falling back to 1 default profile: "default"
2023-10-17 15:26:03 [main] INFO  o.s.cloud.context.scope.GenericScope - BeanFactory id=4b60b8cf-0fea-31bb-bba3-c7d013c8df50
2023-10-17 15:26:03 [main] INFO  o.s.b.w.e.tomcat.TomcatWebServer - Tomcat initialized with port(s): 8888 (http)
2023-10-17 15:26:03 [main] INFO  o.a.coyote.http11.Http11NioProtocol - Initializing ProtocolHandler ["http-nio-8888"]
2023-10-17 15:26:03 [main] INFO  o.a.catalina.core.StandardService - Starting service [Tomcat]
2023-10-17 15:26:03 [main] INFO  o.a.catalina.core.StandardEngine - Starting Servlet engine: [Apache Tomcat/10.1.11]
2023-10-17 15:26:03 [main] INFO  o.a.c.c.C.[Tomcat].[localhost].[/] - Initializing Spring embedded WebApplicationContext
2023-10-17 15:26:03 [main] INFO  o.s.b.w.s.c.ServletWebServerApplicationContext - Root WebApplicationContext: initialization completed in 1075 ms
2023-10-17 15:26:06 [main] INFO  o.a.coyote.http11.Http11NioProtocol - Starting ProtocolHandler ["http-nio-8888"]
2023-10-17 15:26:06 [main] INFO  o.s.b.w.e.tomcat.TomcatWebServer - Tomcat started on port(s): 8888 (http) with context path ''
2023-10-17 15:26:06 [main] INFO  c.h.m.config.server.ConfigServer - Started ConfigServer in 4.213 seconds (process running for 9.924)
2023-10-17 15:26:19 [http-nio-8888-exec-1] INFO  o.a.c.c.C.[Tomcat].[localhost].[/] - Initializing Spring DispatcherServlet 'dispatcherServlet'
2023-10-17 15:26:19 [http-nio-8888-exec-1] INFO  o.s.web.servlet.DispatcherServlet - Initializing Servlet 'dispatcherServlet'
2023-10-17 15:26:19 [http-nio-8888-exec-1] INFO  o.s.web.servlet.DispatcherServlet - Completed initialization in 2 ms
2023-10-17 15:26:20 [http-nio-8888-exec-1] INFO  o.s.c.c.s.e.NativeEnvironmentRepository - Adding property source: Config resource 'file [/var/folders/gx/jx6hg1ms0_g5fvvhy_k4d1b80000gn/T/config-repo-11172843878750453738/config-client.yml]' via location 'file:/var/folders/gx/jx6hg1ms0_g5fvvhy_k4d1b80000gn/T/config-repo-11172843878750453738/'
2023-10-17 15:26:21 [http-nio-8888-exec-2] INFO  o.s.c.c.s.e.NativeEnvironmentRepository - Adding property source: Config resource 'file [/var/folders/gx/jx6hg1ms0_g5fvvhy_k4d1b80000gn/T/config-repo-11172843878750453738/config-client-twitter_to_kafka.yml]' via location 'file:/var/folders/gx/jx6hg1ms0_g5fvvhy_k4d1b80000gn/T/config-repo-11172843878750453738/'
2023-10-17 15:26:21 [http-nio-8888-exec-2] INFO  o.s.c.c.s.e.NativeEnvironmentRepository - Adding property source: Config resource 'file [/var/folders/gx/jx6hg1ms0_g5fvvhy_k4d1b80000gn/T/config-repo-11172843878750453738/config-client.yml]' via location 'file:/var/folders/gx/jx6hg1ms0_g5fvvhy_k4d1b80000gn/T/config-repo-11172843878750453738/'
2023-10-17 15:26:48 [http-nio-8888-exec-3] INFO  o.s.c.c.s.e.NativeEnvironmentRepository - Adding property source: Config resource 'file [/var/folders/gx/jx6hg1ms0_g5fvvhy_k4d1b80000gn/T/config-repo-11172843878750453738/config-client.yml]' via location 'file:/var/folders/gx/jx6hg1ms0_g5fvvhy_k4d1b80000gn/T/config-repo-11172843878750453738/'
2023-10-17 15:26:49 [http-nio-8888-exec-4] INFO  o.s.c.c.s.e.NativeEnvironmentRepository - Adding property source: Config resource 'file [/var/folders/gx/jx6hg1ms0_g5fvvhy_k4d1b80000gn/T/config-repo-11172843878750453738/config-client-kafka_to_elastic.yml]' via location 'file:/var/folders/gx/jx6hg1ms0_g5fvvhy_k4d1b80000gn/T/config-repo-11172843878750453738/'
2023-10-17 15:26:49 [http-nio-8888-exec-4] INFO  o.s.c.c.s.e.NativeEnvironmentRepository - Adding property source: Config resource 'file [/var/folders/gx/jx6hg1ms0_g5fvvhy_k4d1b80000gn/T/config-repo-11172843878750453738/config-client.yml]' via location 'file:/var/folders/gx/jx6hg1ms0_g5fvvhy_k4d1b80000gn/T/config-repo-11172843878750453738/'
